C:\Fuad\Architecture\app\server\node_modules\@prisma\client\src\runtime\getPrismaClient.ts:259
        throw new PrismaClientInitializationError(
              ^

PrismaClientInitializationError: `PrismaClient` needs to be constructed with a non-empty, valid `PrismaClientOptions`:

```
new PrismaClient({
  ...
})
```

or

```
constructor() {
  super({ ... });
}
```
          
    at new t (C:\Fuad\Architecture\app\server\node_modules\@prisma\client\src\runtime\getPrismaClient.ts:259:15)
    at <anonymous> (C:\Fuad\Architecture\app\server\src\config\db.ts:3:23)
    at Object.<anonymous> (C:\Fuad\Architecture\app\server\src\config\db.ts:5:26)
    at Module._compile (node:internal/modules/cjs/loader:1761:14)
    at Object.transformer (C:\Fuad\Architecture\app\server\node_modules\tsx\dist\register-D46fvsV_.cjs:3:1104)
    at Module.load (node:internal/modules/cjs/loader:1481:32)
    at Module._load (node:internal/modules/cjs/loader:1300:12)
    at TracingChannel.traceSync (node:diagnostics_channel:328:14)
    at wrapModuleLoad (node:internal/modules/cjs/loader:245:24)
    at Module.require (node:internal/modules/cjs/loader:1504:12) {
  clientVersion: '7.2.0',
  errorCode: undefined,
  retryable: undefined
}

Node.js v24.11.1
